<?xml version="1.0" encoding="UTF-8"?>
<!-- Generated by org.testng.reporters.JUnitReportReporter -->
<testsuite hostname="DESKTOP-MO2FLHL" failures="0" tests="1" name="docMigrationValidation.VerifyIPSourceDropdown" time="54.645" errors="0" timestamp="2025-02-17T12:53:00 IST" skipped="0">
  <testcase classname="docMigrationValidation.VerifyIPSourceDropdown" name="verifyDropdown" time="54.645">
    <system-out>
      <![CDATA[File uploaded successfully
Pre-flight check successful.
Files converted successfully.
Post-flight check successful]]>
    </system-out>
  </testcase> <!-- verifyDropdown -->
  <system-out>
    <![CDATA[File uploaded successfully
Pre-flight check successful.
Files converted successfully.
Post-flight check successful]]>
  </system-out>
</testsuite> <!-- docMigrationValidation.VerifyIPSourceDropdown -->
